<?xml version="1.0" encoding="UTF-8"?>
<!-- Generated by org.testng.reporters.JUnitReportReporter -->
<testsuite hostname="WINDOWS-J0ACLPE" failures="0" tests="3" name="rahulshettyacademyInterview.StandAlone_2" time="38.928" errors="0" timestamp="2024-07-21T15:23:46 IST" skipped="0">
  <testcase classname="rahulshettyacademyInterview.StandAlone_2" name="OrderHistoryTest" time="5.820"/>
  <system-out/>
  <testcase classname="rahulshettyacademyInterview.StandAlone_2" name="submitOrder" time="20.994"/>
  <system-out/>
  <testcase classname="rahulshettyacademyInterview.StandAlone_2" name="submitOrder" time="12.114"/>
  <system-out/>
</testsuite> <!-- rahulshettyacademyInterview.StandAlone_2 -->
