<?xml version="1.0" encoding="UTF-8"?>
<!-- Generated by org.testng.reporters.JUnitReportReporter -->
<testsuite hostname="WINDOWS-J0ACLPE" failures="0" tests="2" name="rahulshettyacademyInterview.ErrorValidations" time="24.854" errors="0" timestamp="2024-07-21T15:23:46 IST" skipped="0">
  <testcase classname="rahulshettyacademyInterview.ErrorValidations" name="LoginErrorValidation" time="10.959"/>
  <system-out/>
  <testcase classname="rahulshettyacademyInterview.ErrorValidations" name="productErrorValidation" time="13.895"/>
  <system-out/>
</testsuite> <!-- rahulshettyacademyInterview.ErrorValidations -->
